2023-12-25 02:51:56 [model.denoising.model.denoising][DEBUG] [denoising/get_contrastive_denoising_training_group] - 132  : 
input_query_class=
tensor([[[-0.0127, -0.6951, -0.8069,  ...,  2.3517,  0.3699,  1.5223],
         [ 0.9055, -1.0672, -0.0905,  ..., -0.3446, -1.4825,  0.2075],
         [-0.0127, -0.6951, -0.8069,  ...,  2.3517,  0.3699,  1.5223],
         ...,
         [-0.0127, -0.6951, -0.8069,  ...,  2.3517,  0.3699,  1.5223],
         [-1.1747,  0.9995,  0.3060,  ...,  1.9391,  2.2924, -2.6071],
         [-0.0127, -0.6951, -0.8069,  ...,  2.3517,  0.3699,  1.5223]],

        [[-0.1836,  0.5619,  0.2400,  ...,  0.3769, -0.0629, -0.0985],
         [ 0.0000,  0.0000,  0.0000,  ...,  0.0000,  0.0000,  0.0000],
         [ 0.0000,  0.0000,  0.0000,  ...,  0.0000,  0.0000,  0.0000],
         ...,
         [ 0.0000,  0.0000,  0.0000,  ...,  0.0000,  0.0000,  0.0000],
         [ 0.0000,  0.0000,  0.0000,  ...,  0.0000,  0.0000,  0.0000],
         [ 0.0000,  0.0000,  0.0000,  ...,  0.0000,  0.0000,  0.0000]]],
       grad_fn=<EmbeddingBackward0>)
2023-12-25 02:51:56 [model.denoising.model.denoising][DEBUG] [denoising/get_contrastive_denoising_training_group] - 133  : 
input_query_bbox=
tensor([[[ -1.0884,  -1.5472,   0.0154,  -0.6147],
         [ -2.0729,   1.6928,  -1.2452,  -0.7963],
         [  0.0000,   0.0000,  11.5129,  11.5129],
         ...,
         [ -1.9095,   3.8343, -11.5129,  -3.1193],
         [ -1.8047, -11.5129,  -0.9318, -11.5129],
         [  0.0000, -11.5129,  11.5129, -11.5129]],

        [[ -0.4090,  -0.2206,   1.3758,   2.0923],
         [-11.5129, -11.5129, -11.5129, -11.5129],
         [-11.5129, -11.5129, -11.5129, -11.5129],
         ...,
         [-11.5129, -11.5129, -11.5129, -11.5129],
         [-11.5129, -11.5129, -11.5129, -11.5129],
         [-11.5129, -11.5129, -11.5129, -11.5129]]])
2023-12-25 02:51:56 [model.denoising.model.denoising][DEBUG] [denoising/get_contrastive_denoising_training_group] - 134  : 
attn_mask=
tensor([[False, False, False,  ..., False, False, False],
        [False, False, False,  ..., False, False, False],
        [False, False, False,  ..., False, False, False],
        ...,
        [ True,  True,  True,  ..., False, False, False],
        [ True,  True,  True,  ..., False, False, False],
        [ True,  True,  True,  ..., False, False, False]])
2023-12-25 02:51:56 [model.denoising.model.denoising][DEBUG] [denoising/get_contrastive_denoising_training_group] - 135  : 
dn_meta=
{'dn_positive_idx': (tensor([  0,   1,   2,   3,   8,   9,  10,  11,  16,  17,  18,  19,  24,  25,
         26,  27,  32,  33,  34,  35,  40,  41,  42,  43,  48,  49,  50,  51,
         56,  57,  58,  59,  64,  65,  66,  67,  72,  73,  74,  75,  80,  81,
         82,  83,  88,  89,  90,  91,  96,  97,  98,  99, 104, 105, 106, 107,
        112, 113, 114, 115, 120, 121, 122, 123, 128, 129, 130, 131, 136, 137,
        138, 139, 144, 145, 146, 147, 152, 153, 154, 155, 160, 161, 162, 163,
        168, 169, 170, 171, 176, 177, 178, 179, 184, 185, 186, 187, 192, 193,
        194, 195]), tensor([  0,   8,  16,  24,  32,  40,  48,  56,  64,  72,  80,  88,  96, 104,
        112, 120, 128, 136, 144, 152, 160, 168, 176, 184, 192])), 'dn_num_group': 25, 'dn_num_split': [200, 100]}
